2002.04.02 14:39 B F:\nusphere\apache\nsdocs\projects\evobbnew\gifs\aim.gif --> xdweb.net /web/fod/forum/images aim.gif
2002.04.02 14:39 B F:\nusphere\apache\nsdocs\projects\evobbnew\gifs\bold.gif --> xdweb.net /web/fod/forum/images bold.gif
2002.04.02 14:41 B F:\nusphere\apache\nsdocs\projects\evobbnew\gifs\aim.gif --> xdweb.net /web/fod/forum/images aim.gif
2002.04.02 14:41 B F:\nusphere\apache\nsdocs\projects\evobbnew\gifs\bold.gif --> xdweb.net /web/fod/forum/images bold.gif
2002.04.02 14:41 B F:\nusphere\apache\nsdocs\projects\evobbnew\gifs\bookmarks.gif --> xdweb.net /web/fod/forum/images bookmarks.gif
2002.04.02 14:41 B F:\nusphere\apache\nsdocs\projects\evobbnew\gifs\br.gif --> xdweb.net /web/fod/forum/images br.gif
2002.04.02 14:41 B F:\nusphere\apache\nsdocs\projects\evobbnew\gifs\close_topic.gif --> xdweb.net /web/fod/forum/images close_topic.gif
2002.04.02 14:41 B F:\nusphere\apache\nsdocs\projects\evobbnew\gifs\closed.gif --> xdweb.net /web/fod/forum/images closed.gif
2002.04.02 14:41 B F:\nusphere\apache\nsdocs\projects\evobbnew\gifs\delete_topic.gif --> xdweb.net /web/fod/forum/images delete_topic.gif
2002.04.02 14:41 B F:\nusphere\apache\nsdocs\projects\evobbnew\gifs\edit.gif --> xdweb.net /web/fod/forum/images edit.gif
2002.04.02 14:41 B F:\nusphere\apache\nsdocs\projects\evobbnew\gifs\help.gif --> xdweb.net /web/fod/forum/images help.gif
2002.04.02 14:41 B F:\nusphere\apache\nsdocs\projects\evobbnew\gifs\hr.gif --> xdweb.net /web/fod/forum/images hr.gif
2002.04.02 14:41 B F:\nusphere\apache\nsdocs\projects\evobbnew\gifs\icq.gif --> xdweb.net /web/fod/forum/images icq.gif
2002.04.02 14:41 B F:\nusphere\apache\nsdocs\projects\evobbnew\gifs\image.gif --> xdweb.net /web/fod/forum/images image.gif
2002.04.02 14:41 B F:\nusphere\apache\nsdocs\projects\evobbnew\gifs\images.htm --> xdweb.net /web/fod/forum/images images.htm
2002.04.02 14:41 B F:\nusphere\apache\nsdocs\projects\evobbnew\gifs\inbox.gif --> xdweb.net /web/fod/forum/images inbox.gif
2002.04.02 14:41 B F:\nusphere\apache\nsdocs\projects\evobbnew\gifs\italic.gif --> xdweb.net /web/fod/forum/images italic.gif
2002.04.02 14:41 B F:\nusphere\apache\nsdocs\projects\evobbnew\gifs\members.gif --> xdweb.net /web/fod/forum/images members.gif
2002.04.02 14:41 B F:\nusphere\apache\nsdocs\projects\evobbnew\gifs\move_topic.gif --> xdweb.net /web/fod/forum/images move_topic.gif
2002.04.02 14:41 B F:\nusphere\apache\nsdocs\projects\evobbnew\gifs\msn.gif --> xdweb.net /web/fod/forum/images msn.gif
2002.04.02 14:41 B F:\nusphere\apache\nsdocs\projects\evobbnew\gifs\open_topic.gif --> xdweb.net /web/fod/forum/images open_topic.gif
2002.04.02 14:41 B F:\nusphere\apache\nsdocs\projects\evobbnew\gifs\options.gif --> xdweb.net /web/fod/forum/images options.gif
2002.04.02 14:41 B F:\nusphere\apache\nsdocs\projects\evobbnew\gifs\pm.gif --> xdweb.net /web/fod/forum/images pm.gif
2002.04.02 14:41 B F:\nusphere\apache\nsdocs\projects\evobbnew\gifs\post.gif --> xdweb.net /web/fod/forum/images post.gif
2002.04.02 14:41 B F:\nusphere\apache\nsdocs\projects\evobbnew\gifs\post_poll.gif --> xdweb.net /web/fod/forum/images post_poll.gif
2002.04.02 14:41 B F:\nusphere\apache\nsdocs\projects\evobbnew\gifs\post_reply.gif --> xdweb.net /web/fod/forum/images post_reply.gif
2002.04.02 14:41 B F:\nusphere\apache\nsdocs\projects\evobbnew\gifs\post_topic.gif --> xdweb.net /web/fod/forum/images post_topic.gif
2002.04.02 14:41 B F:\nusphere\apache\nsdocs\projects\evobbnew\gifs\register.gif --> xdweb.net /web/fod/forum/images register.gif
2002.04.02 14:41 B F:\nusphere\apache\nsdocs\projects\evobbnew\gifs\search.gif --> xdweb.net /web/fod/forum/images search.gif
2002.04.02 14:41 B F:\nusphere\apache\nsdocs\projects\evobbnew\gifs\size.gif --> xdweb.net /web/fod/forum/images size.gif
2002.04.02 14:41 B F:\nusphere\apache\nsdocs\projects\evobbnew\gifs\theevologo.gif --> xdweb.net /web/fod/forum/images theevologo.gif
2002.04.02 14:41 B F:\nusphere\apache\nsdocs\projects\evobbnew\gifs\underline.gif --> xdweb.net /web/fod/forum/images underline.gif
2002.04.02 14:41 B F:\nusphere\apache\nsdocs\projects\evobbnew\gifs\user_cp.gif --> xdweb.net /web/fod/forum/images user_cp.gif
2002.04.02 14:41 B F:\nusphere\apache\nsdocs\projects\evobbnew\gifs\whosonline.gif --> xdweb.net /web/fod/forum/images whosonline.gif
